# JRE version: Java(TM) SE Runtime Environment (8.0_172-b11) (build 1.8.0_172-b11)
# Java VM: Java HotSpot(TM) 64-Bit Server VM (25.172-b11 mixed mode windows-amd64 compressed oops)
Heap:
 PSYoungGen      total 71680K, used 39588K [0x00000000d5f80000, 0x00000000dcb00000, 0x0000000100000000)
  eden space 66560K, 51% used [0x00000000d5f80000,0x00000000d8131048,0x00000000da080000)
  from space 5120K, 99% used [0x00000000da080000,0x00000000da578250,0x00000000da580000)
  to   space 8704K, 0% used [0x00000000dc280000,0x00000000dc280000,0x00000000dcb00000)
 ParOldGen       total 64000K, used 9537K [0x0000000081e00000, 0x0000000085c80000, 0x00000000d5f80000)
  object space 64000K, 14% used [0x0000000081e00000,0x0000000082750670,0x0000000085c80000)
 Metaspace       used 28205K, capacity 29192K, committed 29312K, reserved 1075200K
  class space    used 3650K, capacity 3872K, committed 3968K, reserved 1048576K
GC Heap History (10 events):
Event: 1.793 GC heap before
{Heap before GC invocations=2 (full 0):
 PSYoungGen      total 38400K, used 38374K [0x00000000d5f80000, 0x00000000d8a00000, 0x0000000100000000)
  eden space 33280K, 100% used [0x00000000d5f80000,0x00000000d8000000,0x00000000d8000000)
  from space 5120K, 99% used [0x00000000d8000000,0x00000000d84f9b70,0x00000000d8500000)
  to   space 5120K, 0% used [0x00000000d8500000,0x00000000d8500000,0x00000000d8a00000)
 ParOldGen       total 87552K, used 306K [0x0000000081e00000, 0x0000000087380000, 0x00000000d5f80000)
  object space 87552K, 0% used [0x0000000081e00000,0x0000000081e4ca90,0x0000000087380000)
 Metaspace       used 13828K, capacity 14138K, committed 14336K, reserved 1062912K
  class space    used 1680K, capacity 1775K, committed 1792K, reserved 1048576K
Event: 1.801 GC heap after
Heap after GC invocations=2 (full 0):
 PSYoungGen      total 38400K, used 5104K [0x00000000d5f80000, 0x00000000daa80000, 0x0000000100000000)
  eden space 33280K, 0% used [0x00000000d5f80000,0x00000000d5f80000,0x00000000d8000000)
  from space 5120K, 99% used [0x00000000d8500000,0x00000000d89fc2d0,0x00000000d8a00000)
  to   space 5120K, 0% used [0x00000000d8000000,0x00000000d8000000,0x00000000d8500000)
 ParOldGen       total 87552K, used 1269K [0x0000000081e00000, 0x0000000087380000, 0x00000000d5f80000)
  object space 87552K, 1% used [0x0000000081e00000,0x0000000081f3d770,0x0000000087380000)
 Metaspace       used 13828K, capacity 14138K, committed 14336K, reserved 1062912K
  class space    used 1680K, capacity 1775K, committed 1792K, reserved 1048576K
}
Event: 2.316 GC heap before
{Heap before GC invocations=3 (full 0):
 PSYoungGen      total 38400K, used 38384K [0x00000000d5f80000, 0x00000000daa80000, 0x0000000100000000)
  eden space 33280K, 100% used [0x00000000d5f80000,0x00000000d8000000,0x00000000d8000000)
  from space 5120K, 99% used [0x00000000d8500000,0x00000000d89fc2d0,0x00000000d8a00000)
  to   space 5120K, 0% used [0x00000000d8000000,0x00000000d8000000,0x00000000d8500000)
 ParOldGen       total 87552K, used 1269K [0x0000000081e00000, 0x0000000087380000, 0x00000000d5f80000)
  object space 87552K, 1% used [0x0000000081e00000,0x0000000081f3d770,0x0000000087380000)
 Metaspace       used 16797K, capacity 17366K, committed 17408K, reserved 1064960K
  class space    used 2152K, capacity 2299K, committed 2304K, reserved 1048576K
Event: 2.322 GC heap after
Heap after GC invocations=3 (full 0):
 PSYoungGen      total 38400K, used 5089K [0x00000000d5f80000, 0x00000000daa80000, 0x0000000100000000)
  eden space 33280K, 0% used [0x00000000d5f80000,0x00000000d5f80000,0x00000000d8000000)
  from space 5120K, 99% used [0x00000000d8000000,0x00000000d84f8680,0x00000000d8500000)
  to   space 5120K, 0% used [0x00000000da580000,0x00000000da580000,0x00000000daa80000)
 ParOldGen       total 87552K, used 2966K [0x0000000081e00000, 0x0000000087380000, 0x00000000d5f80000)
  object space 87552K, 3% used [0x0000000081e00000,0x00000000820e59a0,0x0000000087380000)
 Metaspace       used 16797K, capacity 17366K, committed 17408K, reserved 1064960K
  class space    used 2152K, capacity 2299K, committed 2304K, reserved 1048576K
}
Event: 2.715 GC heap before
{Heap before GC invocations=4 (full 0):
 PSYoungGen      total 38400K, used 29363K [0x00000000d5f80000, 0x00000000daa80000, 0x0000000100000000)
  eden space 33280K, 72% used [0x00000000d5f80000,0x00000000d7734590,0x00000000d8000000)
  from space 5120K, 99% used [0x00000000d8000000,0x00000000d84f8680,0x00000000d8500000)
  to   space 5120K, 0% used [0x00000000da580000,0x00000000da580000,0x00000000daa80000)
 ParOldGen       total 87552K, used 2966K [0x0000000081e00000, 0x0000000087380000, 0x00000000d5f80000)
  object space 87552K, 3% used [0x0000000081e00000,0x00000000820e59a0,0x0000000087380000)
 Metaspace       used 20616K, capacity 21118K, committed 21248K, reserved 1067008K
  class space    used 2613K, capacity 2747K, committed 2816K, reserved 1048576K
Event: 2.723 GC heap after
Heap after GC invocations=4 (full 0):
 PSYoungGen      total 71680K, used 5090K [0x00000000d5f80000, 0x00000000daa80000, 0x0000000100000000)
  eden space 66560K, 0% used [0x00000000d5f80000,0x00000000d5f80000,0x00000000da080000)
  from space 5120K, 99% used [0x00000000da580000,0x00000000daa78838,0x00000000daa80000)
  to   space 5120K, 0% used [0x00000000da080000,0x00000000da080000,0x00000000da580000)
 ParOldGen       total 87552K, used 6215K [0x0000000081e00000, 0x0000000087380000, 0x00000000d5f80000)
  object space 87552K, 7% used [0x0000000081e00000,0x0000000082411e50,0x0000000087380000)
 Metaspace       used 20616K, capacity 21118K, committed 21248K, reserved 1067008K
  class space    used 2613K, capacity 2747K, committed 2816K, reserved 1048576K
}
Event: 2.723 GC heap before
{Heap before GC invocations=5 (full 1):
 PSYoungGen      total 71680K, used 5090K [0x00000000d5f80000, 0x00000000daa80000, 0x0000000100000000)
  eden space 66560K, 0% used [0x00000000d5f80000,0x00000000d5f80000,0x00000000da080000)
  from space 5120K, 99% used [0x00000000da580000,0x00000000daa78838,0x00000000daa80000)
  to   space 5120K, 0% used [0x00000000da080000,0x00000000da080000,0x00000000da580000)
 ParOldGen       total 87552K, used 6215K [0x0000000081e00000, 0x0000000087380000, 0x00000000d5f80000)
  object space 87552K, 7% used [0x0000000081e00000,0x0000000082411e50,0x0000000087380000)
 Metaspace       used 20616K, capacity 21118K, committed 21248K, reserved 1067008K
  class space    used 2613K, capacity 2747K, committed 2816K, reserved 1048576K
Event: 2.765 GC heap after
Heap after GC invocations=5 (full 1):
 PSYoungGen      total 71680K, used 0K [0x00000000d5f80000, 0x00000000daa80000, 0x0000000100000000)
  eden space 66560K, 0% used [0x00000000d5f80000,0x00000000d5f80000,0x00000000da080000)
  from space 5120K, 0% used [0x00000000da580000,0x00000000da580000,0x00000000daa80000)
  to   space 5120K, 0% used [0x00000000da080000,0x00000000da080000,0x00000000da580000)
 ParOldGen       total 64000K, used 8056K [0x0000000081e00000, 0x0000000085c80000, 0x00000000d5f80000)
  object space 64000K, 12% used [0x0000000081e00000,0x00000000825de1e0,0x0000000085c80000)
 Metaspace       used 20616K, capacity 21118K, committed 21248K, reserved 1067008K
  class space    used 2613K, capacity 2747K, committed 2816K, reserved 1048576K
}
Event: 6.198 GC heap before
{Heap before GC invocations=6 (full 1):
 PSYoungGen      total 71680K, used 66560K [0x00000000d5f80000, 0x00000000daa80000, 0x0000000100000000)
  eden space 66560K, 100% used [0x00000000d5f80000,0x00000000da080000,0x00000000da080000)
  from space 5120K, 0% used [0x00000000da580000,0x00000000da580000,0x00000000daa80000)
  to   space 5120K, 0% used [0x00000000da080000,0x00000000da080000,0x00000000da580000)
 ParOldGen       total 64000K, used 8056K [0x0000000081e00000, 0x0000000085c80000, 0x00000000d5f80000)
  object space 64000K, 12% used [0x0000000081e00000,0x00000000825de1e0,0x0000000085c80000)
 Metaspace       used 26949K, capacity 27894K, committed 28032K, reserved 1073152K
  class space    used 3491K, capacity 3691K, committed 3712K, reserved 1048576K
Event: 6.205 GC heap after
Heap after GC invocations=6 (full 1):
 PSYoungGen      total 71680K, used 5088K [0x00000000d5f80000, 0x00000000dcb00000, 0x0000000100000000)
  eden space 66560K, 0% used [0x00000000d5f80000,0x00000000d5f80000,0x00000000da080000)
  from space 5120K, 99% used [0x00000000da080000,0x00000000da578250,0x00000000da580000)
  to   space 8704K, 0% used [0x00000000dc280000,0x00000000dc280000,0x00000000dcb00000)
 ParOldGen       total 64000K, used 9537K [0x0000000081e00000, 0x0000000085c80000, 0x00000000d5f80000)
  object space 64000K, 14% used [0x0000000081e00000,0x0000000082750670,0x0000000085c80000)
 Metaspace       used 26949K, capacity 27894K, committed 28032K, reserved 1073152K
  class space    used 3491K, capacity 3691K, committed 3712K, reserved 1048576K
}

